<?xml version="1.0" encoding="utf-8"?><testsuites name="pytest tests"><testsuite name="pytest" errors="0" failures="0" skipped="0" tests="21" time="5.744" timestamp="2026-08-09T18:37:17.122967+00:00" hostname="agent-env-51558df4-7ade-472f-aa2a-ff4883d0b5ea"><testcase classname="tests.backend_test.TestConfig" name="test_root" time="0.129" /><testcase classname="tests.backend_test.TestConfig" name="test_public_config" time="0.090" /><testcase classname="tests.backend_test.TestAuth" name="test_register_validation_short_password" time="0.084" /><testcase classname="tests.backend_test.TestAuth" name="test_register_validation_bad_phone" time="0.076" /><testcase classname="tests.backend_test.TestAuth" name="test_register_login_logout_me" time="0.715" /><testcase classname="tests.backend_test.TestAuth" name="test_login_bad_password" time="0.309" /><testcase classname="tests.backend_test.TestAuth" name="test_admin_login_role" time="0.430" /><testcase classname="tests.backend_test.TestAuth" name="test_forgot_and_reset" time="0.977" /><testcase classname="tests.backend_test.TestApplicationFlow" name="test_full_pan_flow" time="1.092" /><testcase classname="tests.backend_test.TestApplicationFlow" name="test_track_invalid" time="0.087" /><testcase classname="tests.backend_test.TestApplicationFlow" name="test_create_order_missing_docs" time="0.413" /><testcase classname="tests.backend_test.TestSecurity" name="test_admin_endpoints_require_admin" time="0.394" /><testcase classname="tests.backend_test.TestSecurity" name="test_admin_endpoints_require_auth" time="0.075" /><testcase classname="tests.backend_test.TestSecurity" name="test_cross_user_application_access_forbidden" time="0.041" /><testcase classname="tests.backend_test.TestSecurity" name="test_document_url_unauthenticated_401" time="0.075" /><testcase classname="tests.backend_test.TestAdmin" name="test_stats" time="0.048" /><testcase classname="tests.backend_test.TestAdmin" name="test_analytics_charts" time="0.034" /><testcase classname="tests.backend_test.TestAdmin" name="test_notifications" time="0.033" /><testcase classname="tests.backend_test.TestAdmin" name="test_applications_filter_and_search" time="0.133" /><testcase classname="tests.backend_test.TestAdmin" name="test_admin_detail_and_actions" time="0.373" /><testcase classname="tests.backend_test.TestAdmin" name="test_invalid_status" time="0.079" /></testsuite></testsuites>