<?xml version="1.0" encoding="utf-8"?><testsuites name="pytest tests"><testsuite name="pytest" errors="2" failures="2" skipped="2" tests="21" time="5.485" timestamp="2026-08-10T11:06:00.439898+00:00" hostname="agent-env-51558df4-7ade-472f-aa2a-ff4883d0b5ea"><testcase classname="tests.backend_test.TestAuth" name="test_register_validation_short_password" time="0.477" /><testcase classname="tests.backend_test.TestAdmin" name="test_stats" time="0.524"><failure message="assert 0 &gt;= 1">backend/tests/backend_test.py:265: in test_stats
    assert data["total_applications"] &gt;= 1
E   assert 0 &gt;= 1</failure></testcase><testcase classname="tests.backend_test.TestAuth" name="test_register_validation_bad_phone" time="0.085" /><testcase classname="tests.backend_test.TestAdmin" name="test_analytics_charts" time="0.038" /><testcase classname="tests.backend_test.TestAuth" name="test_register_login_logout_me" time="0.709" /><testcase classname="tests.backend_test.TestAdmin" name="test_notifications" time="0.035" /><testcase classname="tests.backend_test.TestAdmin" name="test_applications_filter_and_search" time="0.246"><failure message="assert 0 &gt;= 1&#10; +  where 0 = len([])">backend/tests/backend_test.py:286: in test_applications_filter_and_search
    assert len(all_apps) &gt;= 1
E   assert 0 &gt;= 1
E    +  where 0 = len([])</failure></testcase><testcase classname="tests.backend_test.TestAdmin" name="test_admin_detail_and_actions" time="0.000"><skipped type="pytest.skip" message="no shared app id">/app/backend/tests/backend_test.py:304: no shared app id</skipped></testcase><testcase classname="tests.backend_test.TestAdmin" name="test_invalid_status" time="0.000"><skipped type="pytest.skip" message="Skipped">/app/backend/tests/backend_test.py:348: Skipped</skipped></testcase><testcase classname="tests.backend_test.TestSecurity" name="test_admin_endpoints_require_admin" time="0.174"><error message="failed on setup with &quot;AssertionError: {&quot;detail&quot;:&quot;Invalid email or password&quot;}&#10;assert 401 == 200&#10; +  where 401 = &lt;Response [401]&gt;.status_code&quot;">backend/tests/backend_test.py:42: in demo_sess
    assert r.status_code == 200, r.text
E   AssertionError: {"detail":"Invalid email or password"}
E   assert 401 == 200
E    +  where 401 = &lt;Response [401]&gt;.status_code</error></testcase><testcase classname="tests.backend_test.TestSecurity" name="test_admin_endpoints_require_auth" time="0.216" /><testcase classname="tests.backend_test.TestAuth" name="test_login_bad_password" time="0.091" /><testcase classname="tests.backend_test.TestSecurity" name="test_cross_user_application_access_forbidden" time="0.000"><error message="failed on setup with &quot;AssertionError: {&quot;detail&quot;:&quot;Invalid email or password&quot;}&#10;assert 401 == 200&#10; +  where 401 = &lt;Response [401]&gt;.status_code&quot;">backend/tests/backend_test.py:42: in demo_sess
    assert r.status_code == 200, r.text
E   AssertionError: {"detail":"Invalid email or password"}
E   assert 401 == 200
E    +  where 401 = &lt;Response [401]&gt;.status_code</error></testcase><testcase classname="tests.backend_test.TestSecurity" name="test_document_url_unauthenticated_401" time="0.160" /><testcase classname="tests.backend_test.TestAuth" name="test_admin_login_role" time="0.559" /><testcase classname="tests.backend_test.TestApplicationFlow" name="test_full_pan_flow" time="3.141" /><testcase classname="tests.backend_test.TestAuth" name="test_forgot_and_reset" time="1.735" /><testcase classname="tests.backend_test.TestConfig" name="test_root" time="0.086" /><testcase classname="tests.backend_test.TestConfig" name="test_public_config" time="0.073" /><testcase classname="tests.backend_test.TestApplicationFlow" name="test_track_invalid" time="0.076" /><testcase classname="tests.backend_test.TestApplicationFlow" name="test_create_order_missing_docs" time="0.459" /></testsuite></testsuites>